<?xml version="1.0" encoding="UTF-8"?>
<!-- Generated by org.testng.reporters.JUnitXMLReporter -->
<testsuite hostname="BLRWX11729" ignored="0" name="Open Weather Map" tests="5" failures="0" timestamp="06 Feb 2021 11:35:25 GMT" time="12.39" errors="0">
  <testcase name="getAPIWithAPIId" time="4.733" classname="com.api.test.apiWithOutAPIKeyTest"/>
  <testcase name="createStationAPI" time="3.04" classname="com.api.test.CreateAPI"/>
  <testcase name="createStationAPI" time="0.52" classname="com.api.test.CreateAPI"/>
  <testcase name="getAPIWithAPIId" time="0.365" classname="com.api.test.apiGetAPI"/>
  <testcase name="getDeleteAPI" time="1.884" classname="com.api.test.apiDeleteAPI"/>
</testsuite> <!-- Open Weather Map -->
